<?xml version="1.0" encoding="UTF-8"?>
<!-- Generated by org.testng.reporters.JUnitReportReporter -->
<testsuite skipped="0" hostname="Victors-MacBook-Air.local" name="testCases.TC_001" tests="1" failures="0" timestamp="2023-01-02T10:56:04 WAT" time="162.965" errors="0">
  <testcase name="login_TC_001" time="162.965" classname="testCases.TC_001"/>
  <system-out/>
</testsuite> <!-- testCases.TC_001 -->
